<?xml version="1.0" encoding="UTF-8"?>
<!-- Generated by org.testng.reporters.JUnitReportReporter -->
<testsuite skipped="0" hostname="LAPTOP-OV7R7A19" name="com.automation.com.automation.testcases.NewTest" tests="5" failures="0" timestamp="2020-07-28T13:13:08 IST" time="111.705" errors="0">
  <testcase name="LoginValidationNegativeTC" time="20.351" classname="com.automation.com.automation.testcases.NewTest"/>
  <system-out/>
  <testcase name="SearchResultTC" time="13.785" classname="com.automation.com.automation.testcases.NewTest"/>
  <system-out/>
  <testcase name="AddToCartAndValidateTC" time="20.783" classname="com.automation.com.automation.testcases.NewTest"/>
  <system-out/>
  <testcase name="LoginValidationPostiveTC" time="21.948" classname="com.automation.com.automation.testcases.NewTest"/>
  <system-out/>
  <testcase name="IncrementDecrementValidateTC" time="34.838" classname="com.automation.com.automation.testcases.NewTest"/>
  <system-out/>
</testsuite> <!-- com.automation.com.automation.testcases.NewTest -->
